This is pdfTeX, Version 3.1415926-1.40.11 (TeX Live 2010) (format=pdflatex 2010.7.21)  5 JUN 2013 15:16
entering extended mode
 \write18 enabled.
 file:line:error style messages enabled.
 %&-line parsing enabled.
**user_manual.tex
(./user_manual.tex
LaTeX2e <2009/09/24>
Babel <v3.8l> and hyphenation patterns for english, dumylang, nohyphenation, ge
rman-x-2009-06-19, ngerman-x-2009-06-19, ancientgreek, ibycus, arabic, armenian
, basque, bulgarian, catalan, pinyin, coptic, croatian, czech, danish, dutch, u
kenglish, usenglishmax, esperanto, estonian, farsi, finnish, french, galician, 
german, ngerman, swissgerman, monogreek, greek, hungarian, icelandic, assamese,
 bengali, gujarati, hindi, kannada, malayalam, marathi, oriya, panjabi, tamil, 
telugu, indonesian, interlingua, irish, italian, kurmanji, lao, latin, latvian,
 lithuanian, mongolian, mongolianlmc, bokmal, nynorsk, polish, portuguese, roma
nian, russian, sanskrit, serbian, slovak, slovenian, spanish, swedish, turkish,
 turkmen, ukrainian, uppersorbian, welsh, loaded.
(/usr/local/texlive/2010/texmf-dist/tex/latex/base/article.cls
Document Class: article 2007/10/19 v1.4h Standard LaTeX document class
(/usr/local/texlive/2010/texmf-dist/tex/latex/base/size12.clo
File: size12.clo 2007/10/19 v1.4h Standard LaTeX file (size option)
)
\c@part=\count79
\c@section=\count80
\c@subsection=\count81
\c@subsubsection=\count82
\c@paragraph=\count83
\c@subparagraph=\count84
\c@figure=\count85
\c@table=\count86
\abovecaptionskip=\skip41
\belowcaptionskip=\skip42
\bibindent=\dimen102
)
(/usr/local/texlive/2010/texmf-dist/tex/latex/amsmath/amsmath.sty
Package: amsmath 2000/07/18 v2.13 AMS math features
\@mathmargin=\skip43

For additional information on amsmath, use the `?' option.
(/usr/local/texlive/2010/texmf-dist/tex/latex/amsmath/amstext.sty
Package: amstext 2000/06/29 v2.01

(/usr/local/texlive/2010/texmf-dist/tex/latex/amsmath/amsgen.sty
File: amsgen.sty 1999/11/30 v2.0
\@emptytoks=\toks14
\ex@=\dimen103
))
(/usr/local/texlive/2010/texmf-dist/tex/latex/amsmath/amsbsy.sty
Package: amsbsy 1999/11/29 v1.2d
\pmbraise@=\dimen104
)
(/usr/local/texlive/2010/texmf-dist/tex/latex/amsmath/amsopn.sty
Package: amsopn 1999/12/14 v2.01 operator names
)
\inf@bad=\count87
LaTeX Info: Redefining \frac on input line 211.
\uproot@=\count88
\leftroot@=\count89
LaTeX Info: Redefining \overline on input line 307.
\classnum@=\count90
\DOTSCASE@=\count91
LaTeX Info: Redefining \ldots on input line 379.
LaTeX Info: Redefining \dots on input line 382.
LaTeX Info: Redefining \cdots on input line 467.
\Mathstrutbox@=\box26
\strutbox@=\box27
\big@size=\dimen105
LaTeX Font Info:    Redeclaring font encoding OML on input line 567.
LaTeX Font Info:    Redeclaring font encoding OMS on input line 568.
\macc@depth=\count92
\c@MaxMatrixCols=\count93
\dotsspace@=\muskip10
\c@parentequation=\count94
\dspbrk@lvl=\count95
\tag@help=\toks15
\row@=\count96
\column@=\count97
\maxfields@=\count98
\andhelp@=\toks16
\eqnshift@=\dimen106
\alignsep@=\dimen107
\tagshift@=\dimen108
\tagwidth@=\dimen109
\totwidth@=\dimen110
\lineht@=\dimen111
\@envbody=\toks17
\multlinegap=\skip44
\multlinetaggap=\skip45
\mathdisplay@stack=\toks18
LaTeX Info: Redefining \[ on input line 2666.
LaTeX Info: Redefining \] on input line 2667.
)
(/usr/local/texlive/2010/texmf-dist/tex/latex/fancyvrb/fancyvrb.sty
Package: fancyvrb 2008/02/07

Style option: `fancyvrb' v2.7a, with DG/SPQR fixes, and firstline=lastline fix 
<2008/02/07> (tvz)
(/usr/local/texlive/2010/texmf-dist/tex/latex/graphics/keyval.sty
Package: keyval 1999/03/16 v1.13 key=value parser (DPC)
\KV@toks@=\toks19
)
\FV@CodeLineNo=\count99
\FV@InFile=\read1
\FV@TabBox=\box28
\c@FancyVerbLine=\count100
\FV@StepNumber=\count101
\FV@OutFile=\write3
)
(/usr/local/texlive/2010/texmf-dist/tex/latex/graphics/graphicx.sty
Package: graphicx 1999/02/16 v1.0f Enhanced LaTeX Graphics (DPC,SPQR)

(/usr/local/texlive/2010/texmf-dist/tex/latex/graphics/graphics.sty
Package: graphics 2009/02/05 v1.0o Standard LaTeX Graphics (DPC,SPQR)

(/usr/local/texlive/2010/texmf-dist/tex/latex/graphics/trig.sty
Package: trig 1999/03/16 v1.09 sin cos tan (DPC)
)
(/usr/local/texlive/2010/texmf-dist/tex/latex/latexconfig/graphics.cfg
File: graphics.cfg 2010/04/23 v1.9 graphics configuration of TeX Live
)
Package graphics Info: Driver file: pdftex.def on input line 91.

(/usr/local/texlive/2010/texmf-dist/tex/latex/pdftex-def/pdftex.def
File: pdftex.def 2010/02/14 v0.04n Graphics/color for pdfTeX
\Gread@gobject=\count102
))
\Gin@req@height=\dimen112
\Gin@req@width=\dimen113
)
(./user_manual.aux)
\openout1 = `user_manual.aux'.

LaTeX Font Info:    Checking defaults for OML/cmm/m/it on input line 7.
LaTeX Font Info:    ... okay on input line 7.
LaTeX Font Info:    Checking defaults for T1/cmr/m/n on input line 7.
LaTeX Font Info:    ... okay on input line 7.
LaTeX Font Info:    Checking defaults for OT1/cmr/m/n on input line 7.
LaTeX Font Info:    ... okay on input line 7.
LaTeX Font Info:    Checking defaults for OMS/cmsy/m/n on input line 7.
LaTeX Font Info:    ... okay on input line 7.
LaTeX Font Info:    Checking defaults for OMX/cmex/m/n on input line 7.
LaTeX Font Info:    ... okay on input line 7.
LaTeX Font Info:    Checking defaults for U/cmr/m/n on input line 7.
LaTeX Font Info:    ... okay on input line 7.

(/usr/local/texlive/2010/texmf-dist/tex/context/base/supp-pdf.mkii
[Loading MPS to PDF converter (version 2006.09.02).]
\scratchcounter=\count103
\scratchdimen=\dimen114
\scratchbox=\box29
\nofMPsegments=\count104
\nofMParguments=\count105
\everyMPshowfont=\toks20
\MPscratchCnt=\count106
\MPscratchDim=\dimen115
\MPnumerator=\count107
\everyMPtoPDFconversion=\toks21
) (/usr/local/texlive/2010/texmf-dist/tex/generic/oberdiek/pdftexcmds.sty
Package: pdftexcmds 2010/04/01 v0.9 Utility functions of pdfTeX for LuaTeX (HO)


(/usr/local/texlive/2010/texmf-dist/tex/generic/oberdiek/infwarerr.sty
Package: infwarerr 2010/04/08 v1.3 Providing info/warning/message (HO)
)
(/usr/local/texlive/2010/texmf-dist/tex/generic/oberdiek/ifluatex.sty
Package: ifluatex 2010/03/01 v1.3 Provides the ifluatex switch (HO)
Package ifluatex Info: LuaTeX not detected.
)
(/usr/local/texlive/2010/texmf-dist/tex/generic/oberdiek/ltxcmds.sty
Package: ltxcmds 2010/04/26 v1.7 LaTeX kernel commands for general use (HO)
)
Package pdftexcmds Info: LuaTeX not detected.
Package pdftexcmds Info: \pdf@primitive is available.
Package pdftexcmds Info: \pdf@ifprimitive is available.
)
(/usr/local/texlive/2010/texmf-dist/tex/latex/oberdiek/epstopdf-base.sty
Package: epstopdf-base 2010/02/09 v2.5 Base part for package epstopdf

(/usr/local/texlive/2010/texmf-dist/tex/latex/oberdiek/grfext.sty
Package: grfext 2007/09/30 v1.0 Managing graphics extensions (HO)
)
(/usr/local/texlive/2010/texmf-dist/tex/latex/oberdiek/kvoptions.sty
Package: kvoptions 2010/02/22 v3.7 Keyval support for LaTeX options (HO)

(/usr/local/texlive/2010/texmf-dist/tex/generic/oberdiek/kvsetkeys.sty
Package: kvsetkeys 2010/03/01 v1.9 Key value parser (HO)

(/usr/local/texlive/2010/texmf-dist/tex/generic/oberdiek/etexcmds.sty
Package: etexcmds 2010/01/28 v1.3 Prefix for e-TeX command names (HO)
Package etexcmds Info: Could not find \expanded.
(etexcmds)             That can mean that you are not using pdfTeX 1.50 or
(etexcmds)             that some package has redefined \expanded.
(etexcmds)             In the latter case, load this package earlier.
)))
Package grfext Info: Graphics extension search list:
(grfext)             [.png,.pdf,.jpg,.mps,.jpeg,.jbig2,.jb2,.PNG,.PDF,.JPG,.JPE
G,.JBIG2,.JB2,.eps]
(grfext)             \AppendGraphicsExtensions on input line 436.

(/usr/local/texlive/2010/texmf-dist/tex/latex/latexconfig/epstopdf-sys.cfg
File: epstopdf-sys.cfg 2010/07/13 v1.3 Configuration of (r)epstopdf for TeX Liv
e
))
LaTeX Font Info:    Font shape `OT1/cmtt/bx/n' in size <14.4> not available
(Font)              Font shape `OT1/cmtt/m/n' tried instead on input line 17.

Overfull \hbox (19.05748pt too wide) in paragraph at lines 23--28
[][] 
 []

[1

{/usr/local/texlive/2010/texmf-var/fonts/map/pdftex/updmap/pdftex.map}]
[2]
Overfull \hbox (15.19391pt too wide) in paragraph at lines 74--75
\OT1/cmr/m/n/12 and []\OT1/cmtt/m/n/12 label2.popdata \OT1/cmr/m/n/12 and gen-e
r-ates an out-put file []\OT1/cmtt/m/n/12 label1_vs_label2.ibs
 []


Overfull \hbox (4.32106pt too wide) in paragraph at lines 89--90
\OT1/cmtt/m/n/12 popdata \OT1/cmr/m/n/12 files, you can spec-ify op-tional ar-g
u-ments \OT1/cmtt/m/n/12 start1\OT1/cmr/m/n/12 , \OT1/cmtt/m/n/12 end1\OT1/cmr/
m/n/12 , \OT1/cmtt/m/n/12 start2\OT1/cmr/m/n/12 ,
 []

[3]
Overfull \hbox (90.21625pt too wide) in paragraph at lines 100--102
[]\OT1/cmtt/m/n/12 label1_vs_label2_position_info_sorted.txt\OT1/cmr/m/n/12 , a
nd []\OT1/cmtt/m/n/12 label1_vs_label2_sorted.txt\OT1/cmr/m/n/12 .
 []


Overfull \hbox (59.2749pt too wide) in paragraph at lines 120--120
 []\OT1/cmtt/m/n/12 python parse_within_pop_allpairs.py sample MaskFolder perce
ntMissing[] 
 []

[4]
Overfull \hbox (59.2749pt too wide) in paragraph at lines 138--138
 []\OT1/cmtt/m/n/12 python parse_within_pop_natphase.py sample MaskFolder perce
ntMissing[] 
 []

LaTeX Font Info:    Font shape `OT1/cmtt/bx/n' in size <12> not available
(Font)              Font shape `OT1/cmtt/m/n' tried instead on input line 156.
[5] [6] [7]
Package epstopdf Info: Source file: <../admix_ibd/Paper_PLOS/simul_inferred_his
tory_withshort.eps>
(epstopdf)                    date: 2013-03-13 11:33:38
(epstopdf)                    size: 105915 bytes
(epstopdf)             Output file: <../admix_ibd/Paper_PLOS/simul_inferred_his
tory_withshort-eps-converted-to.pdf>
(epstopdf)                    date: 2013-04-29 16:39:36
(epstopdf)                    size: 22146 bytes
(epstopdf)             Command: <epstopdf --outfile=../admix_ibd/Paper_PLOS/sim
ul_inferred_history_withshort-eps-converted-to.pdf ../admix_ibd/Paper_PLOS/simu
l_inferred_history_withshort.eps>
(epstopdf)             \includegraphics on input line 232.
Package epstopdf Info: Output file is already uptodate.

<../admix_ibd/Paper_PLOS/simul_inferred_history_withshort-eps-converted-to.pdf,
 id=36, 492.84125pt x 505.89pt>
File: ../admix_ibd/Paper_PLOS/simul_inferred_history_withshort-eps-converted-to
.pdf Graphic file (type pdf)

<use ../admix_ibd/Paper_PLOS/simul_inferred_history_withshort-eps-converted-to.
pdf> [8] [9 <../admix_ibd/Paper_PLOS/simul_inferred_history_withshort-eps-conve
rted-to.pdf>]
Overfull \hbox (61.8825pt too wide) in paragraph at lines 280--281
\OT1/cmr/m/n/12 fol-low-ing ``Pa-ram-e-ters for plot-ting" into a text file cal
led e.g. []\OT1/cmtt/m/n/12 demographic_history.txt\OT1/cmr/m/n/12 .
 []


Overfull \hbox (14.98317pt too wide) in paragraph at lines 289--290
[]\OT1/cmtt/m/n/12 inferred_onepop_adaptive_cumulative.py \OT1/cmr/m/n/12 from 
the IBS tracts shared within
 []

[10]
Overfull \hbox (36.27736pt too wide) in paragraph at lines 297--298
\OT1/cmr/m/n/12 tions you can mod-ify the []\OT1/cmtt/m/n/12 tract_abundance \O
T1/cmr/m/n/12 func-tion in []\OT1/cmtt/m/n/12 demographic_inputfile.py
 []

[11]
Overfull \hbox (75.3236pt too wide) in paragraph at lines 333--334
[]\OT1/cmr/m/n/12 The three vari-ables []\OT1/cmtt/m/n/12 uncoalesced_pop1\OT1/
cmr/m/n/12 , []\OT1/cmtt/m/n/12 uncoalesced_pop2\OT1/cmr/m/n/12 , and []\OT1/cm
tt/m/n/12 uncoalesced_between
 []

[12]
Overfull \hbox (44.61388pt too wide) in paragraph at lines 335--336
[][]\OT1/cmtt/m/n/12 (uncoalesced_pop1, uncoalesced_pop2, uncoalesced_between) 
= (1,0,0)\OT1/cmr/m/n/12 . 
 []


Overfull \hbox (28.93895pt too wide) in paragraph at lines 359--360
\OT1/cmr/m/n/12 The func-tion []\OT1/cmtt/m/n/12 optimization_bounds() \OT1/cmr
/m/n/12 at the start of []\OT1/cmtt/m/n/12 demographic_inputfile.py
 []

[13]
Overfull \hbox (8.08081pt too wide) in paragraph at lines 384--385
\OT1/cmr/m/n/12 Once you have spec-i-fied a his-tory by cus-tomiz-ing []\OT1/cm
tt/m/n/12 demographic_inputfile.py\OT1/cmr/m/n/12 ,
 []

[14]
Overfull \hbox (17.5502pt too wide) in paragraph at lines 396--396
[]\OT1/cmtt/m/n/12 return [[0.001,0.05],[0.001,0.1],[0.0001,0.3],[0.001,1],[0.0
5,10]][] 
 []


Overfull \hbox (17.5502pt too wide) in paragraph at lines 403--403
[]\OT1/cmtt/m/n/12 return [[0.001,0.05],[0.001,0.1],[0.0001,0.3],[0.001,3],[0.0
5,10]][] 
 []

[15]
LaTeX Font Info:    Font shape `OT1/cmtt/bx/n' in size <17.28> not available
(Font)              Font shape `OT1/cmtt/m/n' tried instead on input line 421.

Overfull \hbox (6.41905pt too wide) in paragraph at lines 423--424
\OT1/cmr/m/n/12 mo-graphic pa-ram-e-ters from each dataset. The script []\OT1/c
mtt/m/n/12 ibs_from_ms_output.py
 []


Overfull \hbox (44.82831pt too wide) in paragraph at lines 429--430
\OT1/cmr/m/n/12 of each ``chro-mo-some" be-ing sim-u-lated. The third ar-gu-men
t, []\OT1/cmtt/m/n/12 simulated_tracts.ibs\OT1/cmr/m/n/12 ,
 []

[16] [17]
Overfull \hbox (46.9249pt too wide) in paragraph at lines 512--513
[][] \OT1/cmtt/m/n/12 -es t 1 1-f1 -es 2 1 1-f2 -ej t 3 2 -ej t 4 1 -en t 1 N1 
-en 2 N2 
 []

[18]
Overfull \hbox (54.8866pt too wide) in paragraph at lines 536--537
[]\OT1/cmr/m/n/12 Corresponding \OT1/cmtt/m/n/12 ms \OT1/cmr/m/n/12 com-mand: [
] \OT1/cmtt/m/n/12 -es t 1 1-f -en t 1 N_main -en t 2 N_ghost 
 []

[19] [20] [21] (./user_manual.aux) ) 
Here is how much of TeX's memory you used:
 2288 strings out of 493747
 31624 string characters out of 3143546
 91644 words of memory out of 3000000
 5571 multiletter control sequences out of 15000+200000
 10787 words of font info for 40 fonts, out of 3000000 for 9000
 714 hyphenation exceptions out of 8191
 37i,6n,23p,1824b,337s stack positions out of 5000i,500n,10000p,200000b,50000s
</usr/local/texlive/2010/texmf-dist/fonts/t
ype1/public/amsfonts/cm/cmbx12.pfb></usr/local/texlive/2010/texmf-dist/fonts/ty
pe1/public/amsfonts/cm/cmex10.pfb></usr/local/texlive/2010/texmf-dist/fonts/typ
e1/public/amsfonts/cm/cmmi12.pfb></usr/local/texlive/2010/texmf-dist/fonts/type
1/public/amsfonts/cm/cmmi8.pfb></usr/local/texlive/2010/texmf-dist/fonts/type1/
public/amsfonts/cm/cmr12.pfb></usr/local/texlive/2010/texmf-dist/fonts/type1/pu
blic/amsfonts/cm/cmr17.pfb></usr/local/texlive/2010/texmf-dist/fonts/type1/publ
ic/amsfonts/cm/cmr8.pfb></usr/local/texlive/2010/texmf-dist/fonts/type1/public/
amsfonts/cm/cmsy10.pfb></usr/local/texlive/2010/texmf-dist/fonts/type1/public/a
msfonts/cm/cmsy8.pfb></usr/local/texlive/2010/texmf-dist/fonts/type1/public/ams
fonts/cm/cmti12.pfb></usr/local/texlive/2010/texmf-dist/fonts/type1/public/amsf
onts/cm/cmtt12.pfb>
Output written on user_manual.pdf (21 pages, 179529 bytes).
PDF statistics:
 160 PDF objects out of 1000 (max. 8388607)
 85 compressed objects within 1 object stream
 0 named destinations out of 1000 (max. 500000)
 6 words of extra memory for PDF output out of 10000 (max. 10000000)

